[2021-05-09 00:01:25,269] multiqc                                            [DEBUG  ]  No MultiQC config found: /root/miniconda3/envs/conda_env/lib/python3.8/site-packages/multiqc_config.yaml
[2021-05-09 00:01:25,270] multiqc                                            [DEBUG  ]  No MultiQC config found: /root/.multiqc_config.yaml
[2021-05-09 00:01:25,270] multiqc                                            [DEBUG  ]  No MultiQC config found: multiqc_config.yaml
[2021-05-09 00:01:25,270] multiqc                                            [DEBUG  ]  Command used: /root/miniconda3/envs/conda_env/bin/multiqc . -f
[2021-05-09 00:01:26,782] multiqc                                            [DEBUG  ]  Latest MultiQC version is v1.10.1
[2021-05-09 00:01:26,782] multiqc                                            [INFO   ]  This is MultiQC v1.10.1
[2021-05-09 00:01:26,782] multiqc                                            [DEBUG  ]  Command     : /root/miniconda3/envs/conda_env/bin/multiqc . -f
[2021-05-09 00:01:26,782] multiqc                                            [DEBUG  ]  Working dir : /mnt/c/Users/Tommy/Desktop/Log_final
[2021-05-09 00:01:26,782] multiqc                                            [INFO   ]  Template    : default
[2021-05-09 00:01:26,783] multiqc                                            [DEBUG  ]  Running Python 3.8.0 | packaged by conda-forge | (default, Nov 22 2019, 19:11:38)  [GCC 7.3.0]
[2021-05-09 00:01:26,783] multiqc                                            [INFO   ]  Searching   : /mnt/c/Users/Tommy/Desktop/Log_final
[2021-05-09 00:01:26,784] multiqc                                            [DEBUG  ]  Analysing modules: custom_content, ngsderive, purple, conpair, peddy, somalier, methylQA, mosdepth, phantompeakqualtools, qualimap, preseq, quast, qorts, rna_seqc, rockhopper, rsem, rseqc, busco, goleft_indexcov, disambiguate, supernova, deeptools, sargasso, verifybamid, mirtrace, happy, mirtop, homer, hops, macs2, theta2, snpeff, gatk, htseq, bcftools, featureCounts, fgbio, dragen, dedup, damageprofiler, biobambam2, jcvi, mtnucratio, picard, sentieon, prokka, qc3C, samblaster, samtools, sexdeterrmine, eigenstratdatabasetools, bamtools, jellyfish, vcftools, longranger, stacks, varscan2, bbmap, bismark, biscuit, hicexplorer, hicup, hicpro, salmon, kallisto, slamdunk, star, hisat2, tophat, bowtie2, bowtie1, snpsplit, kat, leehom, adapterRemoval, clipandmerge, cutadapt, flexbar, kaiju, kraken, malt, trimmomatic, sickle, skewer, sortmerna, biobloomtools, fastq_screen, afterqc, fastp, fastqc, pychopper, pycoqc, minionqc, multivcfanalyzer, clusterflow, bcl2fastq, interop, ivar, flash, seqyclean, optitype
[2021-05-09 00:01:26,784] multiqc                                            [DEBUG  ]  Using temporary directory for creating report: /tmp/tmpp_e7a0k4
[2021-05-09 00:01:27,157] multiqc.plots.bargraph                             [DEBUG  ]  Using matplotlib version 3.4.1
[2021-05-09 00:01:27,157] multiqc.plots.linegraph                            [DEBUG  ]  Using matplotlib version 3.4.1
[2021-05-09 00:01:27,159] multiqc                                            [DEBUG  ]  No samples found: custom_content
[2021-05-09 00:01:27,162] multiqc                                            [DEBUG  ]  No samples found: ngsderive
[2021-05-09 00:01:27,165] multiqc                                            [DEBUG  ]  No samples found: purple
[2021-05-09 00:01:27,168] multiqc                                            [DEBUG  ]  No samples found: conpair
[2021-05-09 00:01:27,171] multiqc                                            [DEBUG  ]  No samples found: peddy
[2021-05-09 00:01:27,174] multiqc                                            [DEBUG  ]  No samples found: somalier
[2021-05-09 00:01:27,177] multiqc                                            [DEBUG  ]  No samples found: methylQA
[2021-05-09 00:01:27,181] multiqc                                            [DEBUG  ]  No samples found: mosdepth
[2021-05-09 00:01:27,185] multiqc                                            [DEBUG  ]  No samples found: phantompeakqualtools
[2021-05-09 00:01:27,187] multiqc                                            [DEBUG  ]  No samples found: qualimap
[2021-05-09 00:01:27,190] multiqc                                            [DEBUG  ]  No samples found: preseq
[2021-05-09 00:01:27,193] multiqc                                            [DEBUG  ]  No samples found: quast
[2021-05-09 00:01:27,196] multiqc                                            [DEBUG  ]  No samples found: qorts
[2021-05-09 00:01:27,199] multiqc                                            [DEBUG  ]  No samples found: rna_seqc
[2021-05-09 00:01:27,202] multiqc                                            [DEBUG  ]  No samples found: rockhopper
[2021-05-09 00:01:27,205] multiqc                                            [DEBUG  ]  No samples found: rsem
[2021-05-09 00:01:27,213] multiqc                                            [DEBUG  ]  No samples found: rseqc
[2021-05-09 00:01:27,216] multiqc                                            [DEBUG  ]  No samples found: busco
[2021-05-09 00:01:27,219] multiqc                                            [DEBUG  ]  No samples found: goleft_indexcov
[2021-05-09 00:01:27,221] multiqc                                            [DEBUG  ]  No samples found: disambiguate
[2021-05-09 00:01:27,224] multiqc                                            [DEBUG  ]  No samples found: supernova
[2021-05-09 00:01:27,232] multiqc                                            [DEBUG  ]  No samples found: deeptools
[2021-05-09 00:01:27,235] multiqc                                            [DEBUG  ]  No samples found: sargasso
[2021-05-09 00:01:27,238] multiqc                                            [DEBUG  ]  No samples found: verifybamid
[2021-05-09 00:01:27,241] multiqc                                            [DEBUG  ]  No samples found: mirtrace
[2021-05-09 00:01:27,244] multiqc                                            [DEBUG  ]  No samples found: happy
[2021-05-09 00:01:27,247] multiqc                                            [DEBUG  ]  No samples found: mirtop
[2021-05-09 00:01:27,251] multiqc                                            [DEBUG  ]  No samples found: homer
[2021-05-09 00:01:27,254] multiqc                                            [DEBUG  ]  No samples found: hops
[2021-05-09 00:01:27,256] multiqc                                            [DEBUG  ]  No samples found: macs2
[2021-05-09 00:01:27,259] multiqc                                            [DEBUG  ]  No samples found: theta2
[2021-05-09 00:01:27,262] multiqc                                            [DEBUG  ]  No samples found: snpeff
[2021-05-09 00:01:27,266] multiqc                                            [DEBUG  ]  No samples found: gatk
[2021-05-09 00:01:27,270] multiqc                                            [DEBUG  ]  No samples found: htseq
[2021-05-09 00:01:27,273] multiqc                                            [DEBUG  ]  No samples found: bcftools
[2021-05-09 00:01:27,276] multiqc                                            [DEBUG  ]  No samples found: featureCounts
[2021-05-09 00:01:27,282] multiqc                                            [DEBUG  ]  No samples found: fgbio
[2021-05-09 00:01:27,290] multiqc                                            [DEBUG  ]  No samples found: dragen
[2021-05-09 00:01:27,293] multiqc                                            [DEBUG  ]  No samples found: dedup
[2021-05-09 00:01:27,297] multiqc                                            [DEBUG  ]  No samples found: damageprofiler
[2021-05-09 00:01:27,310] multiqc                                            [DEBUG  ]  No samples found: biobambam2
[2021-05-09 00:01:27,314] multiqc                                            [DEBUG  ]  No samples found: jcvi
[2021-05-09 00:01:27,316] multiqc                                            [DEBUG  ]  No samples found: mtnucratio
[2021-05-09 00:01:27,318] multiqc                                            [DEBUG  ]  No samples found: picard
[2021-05-09 00:01:27,323] multiqc                                            [DEBUG  ]  No samples found: sentieon
[2021-05-09 00:01:27,325] multiqc                                            [DEBUG  ]  No samples found: prokka
[2021-05-09 00:01:27,328] multiqc                                            [DEBUG  ]  No samples found: qc3C
[2021-05-09 00:01:27,331] multiqc                                            [DEBUG  ]  No samples found: samblaster
[2021-05-09 00:01:27,336] multiqc                                            [DEBUG  ]  No samples found: samtools
[2021-05-09 00:01:27,339] multiqc                                            [DEBUG  ]  No samples found: sexdeterrmine
[2021-05-09 00:01:27,342] multiqc                                            [DEBUG  ]  No samples found: eigenstratdatabasetools
[2021-05-09 00:01:27,345] multiqc                                            [DEBUG  ]  No samples found: bamtools
[2021-05-09 00:01:27,348] multiqc                                            [DEBUG  ]  No samples found: jellyfish
[2021-05-09 00:01:27,353] multiqc                                            [DEBUG  ]  No samples found: vcftools
[2021-05-09 00:01:27,356] multiqc                                            [DEBUG  ]  No samples found: longranger
[2021-05-09 00:01:27,359] multiqc                                            [DEBUG  ]  No samples found: stacks
[2021-05-09 00:01:27,362] multiqc                                            [DEBUG  ]  No samples found: varscan2
[2021-05-09 00:01:27,371] multiqc                                            [DEBUG  ]  No samples found: bbmap
[2021-05-09 00:01:27,374] multiqc                                            [DEBUG  ]  No samples found: bismark
[2021-05-09 00:01:27,377] multiqc                                            [DEBUG  ]  No samples found: biscuit
[2021-05-09 00:01:27,380] multiqc                                            [DEBUG  ]  No samples found: hicexplorer
[2021-05-09 00:01:27,383] multiqc                                            [DEBUG  ]  No samples found: hicup
[2021-05-09 00:01:27,386] multiqc                                            [DEBUG  ]  No samples found: hicpro
[2021-05-09 00:01:27,389] multiqc                                            [DEBUG  ]  No samples found: salmon
[2021-05-09 00:01:27,391] multiqc                                            [DEBUG  ]  No samples found: kallisto
[2021-05-09 00:01:27,394] multiqc                                            [DEBUG  ]  No samples found: slamdunk
[2021-05-09 00:01:27,402] multiqc.modules.star.star                          [INFO   ]  Found 12 reports
[2021-05-09 00:01:27,408] multiqc                                            [DEBUG  ]  No samples found: hisat2
[2021-05-09 00:01:27,411] multiqc                                            [DEBUG  ]  No samples found: tophat
[2021-05-09 00:01:27,414] multiqc                                            [DEBUG  ]  No samples found: bowtie2
[2021-05-09 00:01:27,416] multiqc                                            [DEBUG  ]  No samples found: bowtie1
[2021-05-09 00:01:27,419] multiqc                                            [DEBUG  ]  No samples found: snpsplit
[2021-05-09 00:01:27,422] multiqc                                            [DEBUG  ]  No samples found: kat
[2021-05-09 00:01:27,425] multiqc                                            [DEBUG  ]  No samples found: leehom
[2021-05-09 00:01:27,428] multiqc                                            [DEBUG  ]  No samples found: adapterRemoval
[2021-05-09 00:01:27,431] multiqc                                            [DEBUG  ]  No samples found: clipandmerge
[2021-05-09 00:01:27,434] multiqc                                            [DEBUG  ]  No samples found: cutadapt
[2021-05-09 00:01:27,437] multiqc                                            [DEBUG  ]  No samples found: flexbar
[2021-05-09 00:01:27,440] multiqc                                            [DEBUG  ]  No samples found: kaiju
[2021-05-09 00:01:27,443] multiqc                                            [DEBUG  ]  No samples found: kraken
[2021-05-09 00:01:27,445] multiqc                                            [DEBUG  ]  No samples found: malt
[2021-05-09 00:01:27,448] multiqc                                            [DEBUG  ]  No samples found: trimmomatic
[2021-05-09 00:01:27,451] multiqc                                            [DEBUG  ]  No samples found: sickle
[2021-05-09 00:01:27,454] multiqc                                            [DEBUG  ]  No samples found: skewer
[2021-05-09 00:01:27,456] multiqc                                            [DEBUG  ]  No samples found: sortmerna
[2021-05-09 00:01:27,460] multiqc                                            [DEBUG  ]  No samples found: biobloomtools
[2021-05-09 00:01:27,462] multiqc                                            [DEBUG  ]  No samples found: fastq_screen
[2021-05-09 00:01:27,465] multiqc                                            [DEBUG  ]  No samples found: afterqc
[2021-05-09 00:01:27,468] multiqc                                            [DEBUG  ]  No samples found: fastp
[2021-05-09 00:01:27,472] multiqc                                            [DEBUG  ]  No samples found: fastqc
[2021-05-09 00:01:27,474] multiqc                                            [DEBUG  ]  No samples found: pychopper
[2021-05-09 00:01:27,477] multiqc                                            [DEBUG  ]  No samples found: pycoqc
[2021-05-09 00:01:27,480] multiqc                                            [DEBUG  ]  No samples found: minionqc
[2021-05-09 00:01:27,483] multiqc                                            [DEBUG  ]  No samples found: multivcfanalyzer
[2021-05-09 00:01:27,486] multiqc                                            [DEBUG  ]  No samples found: clusterflow
[2021-05-09 00:01:27,489] multiqc                                            [DEBUG  ]  No samples found: bcl2fastq
[2021-05-09 00:01:27,492] multiqc                                            [DEBUG  ]  No samples found: interop
[2021-05-09 00:01:27,495] multiqc                                            [DEBUG  ]  No samples found: ivar
[2021-05-09 00:01:27,498] multiqc                                            [DEBUG  ]  No samples found: flash
[2021-05-09 00:01:27,501] multiqc                                            [DEBUG  ]  No samples found: seqyclean
[2021-05-09 00:01:27,504] multiqc                                            [DEBUG  ]  No samples found: optitype
[2021-05-09 00:01:27,509] multiqc                                            [INFO   ]  Compressing plot data
[2021-05-09 00:01:27,513] multiqc                                            [INFO   ]  Report      : multiqc_report.html
[2021-05-09 00:01:27,514] multiqc                                            [INFO   ]  Data        : multiqc_data
[2021-05-09 00:01:27,514] multiqc                                            [DEBUG  ]  Moving data file from '/tmp/tmpp_e7a0k4/multiqc_data' to '/mnt/c/Users/Tommy/Desktop/Log_final/multiqc_data'
[2021-05-09 00:01:28,370] multiqc                                            [INFO   ]  MultiQC complete
