                                 Started job on |	Apr 23 23:17:02
                             Started mapping on |	Apr 23 23:17:04
                                    Finished on |	Apr 23 23:26:52
       Mapping speed, Million of reads per hour |	115.68

                          Number of input reads |	18894432
                      Average input read length |	298
                                    UNIQUE READS:
                   Uniquely mapped reads number |	17704240
                        Uniquely mapped reads % |	93.70%
                          Average mapped length |	297.39
                       Number of splices: Total |	3119841
            Number of splices: Annotated (sjdb) |	2663436
                       Number of splices: GT/AG |	3080422
                       Number of splices: GC/AG |	14219
                       Number of splices: AT/AC |	248
               Number of splices: Non-canonical |	24952
                      Mismatch rate per base, % |	0.49%
                         Deletion rate per base |	0.02%
                        Deletion average length |	2.70
                        Insertion rate per base |	0.02%
                       Insertion average length |	2.30
                             MULTI-MAPPING READS:
        Number of reads mapped to multiple loci |	806405
             % of reads mapped to multiple loci |	4.27%
        Number of reads mapped to too many loci |	1146
             % of reads mapped to too many loci |	0.01%
                                  UNMAPPED READS:
  Number of reads unmapped: too many mismatches |	0
       % of reads unmapped: too many mismatches |	0.00%
            Number of reads unmapped: too short |	380157
                 % of reads unmapped: too short |	2.01%
                Number of reads unmapped: other |	2484
                     % of reads unmapped: other |	0.01%
                                  CHIMERIC READS:
                       Number of chimeric reads |	0
                            % of chimeric reads |	0.00%
