                                 Started job on |	Apr 23 23:17:02
                             Started mapping on |	Apr 23 23:17:03
                                    Finished on |	Apr 23 23:30:44
       Mapping speed, Million of reads per hour |	115.28

                          Number of input reads |	26291149
                      Average input read length |	298
                                    UNIQUE READS:
                   Uniquely mapped reads number |	24628734
                        Uniquely mapped reads % |	93.68%
                          Average mapped length |	296.73
                       Number of splices: Total |	3113794
            Number of splices: Annotated (sjdb) |	2572632
                       Number of splices: GT/AG |	3063714
                       Number of splices: GC/AG |	14233
                       Number of splices: AT/AC |	317
               Number of splices: Non-canonical |	35530
                      Mismatch rate per base, % |	0.50%
                         Deletion rate per base |	0.02%
                        Deletion average length |	2.63
                        Insertion rate per base |	0.02%
                       Insertion average length |	2.34
                             MULTI-MAPPING READS:
        Number of reads mapped to multiple loci |	1089304
             % of reads mapped to multiple loci |	4.14%
        Number of reads mapped to too many loci |	2552
             % of reads mapped to too many loci |	0.01%
                                  UNMAPPED READS:
  Number of reads unmapped: too many mismatches |	0
       % of reads unmapped: too many mismatches |	0.00%
            Number of reads unmapped: too short |	562265
                 % of reads unmapped: too short |	2.14%
                Number of reads unmapped: other |	8294
                     % of reads unmapped: other |	0.03%
                                  CHIMERIC READS:
                       Number of chimeric reads |	0
                            % of chimeric reads |	0.00%
