                                 Started job on |	Apr 23 23:17:02
                             Started mapping on |	Apr 23 23:17:04
                                    Finished on |	Apr 23 23:28:44
       Mapping speed, Million of reads per hour |	84.82

                          Number of input reads |	16492877
                      Average input read length |	299
                                    UNIQUE READS:
                   Uniquely mapped reads number |	15044973
                        Uniquely mapped reads % |	91.22%
                          Average mapped length |	297.75
                       Number of splices: Total |	2430332
            Number of splices: Annotated (sjdb) |	2049365
                       Number of splices: GT/AG |	2398730
                       Number of splices: GC/AG |	11540
                       Number of splices: AT/AC |	227
               Number of splices: Non-canonical |	19835
                      Mismatch rate per base, % |	0.49%
                         Deletion rate per base |	0.02%
                        Deletion average length |	2.59
                        Insertion rate per base |	0.02%
                       Insertion average length |	2.28
                             MULTI-MAPPING READS:
        Number of reads mapped to multiple loci |	734286
             % of reads mapped to multiple loci |	4.45%
        Number of reads mapped to too many loci |	2755
             % of reads mapped to too many loci |	0.02%
                                  UNMAPPED READS:
  Number of reads unmapped: too many mismatches |	0
       % of reads unmapped: too many mismatches |	0.00%
            Number of reads unmapped: too short |	705621
                 % of reads unmapped: too short |	4.28%
                Number of reads unmapped: other |	5242
                     % of reads unmapped: other |	0.03%
                                  CHIMERIC READS:
                       Number of chimeric reads |	0
                            % of chimeric reads |	0.00%
