                                 Started job on |	Apr 23 23:17:02
                             Started mapping on |	Apr 23 23:17:03
                                    Finished on |	Apr 23 23:24:25
       Mapping speed, Million of reads per hour |	110.23

                          Number of input reads |	13534058
                      Average input read length |	298
                                    UNIQUE READS:
                   Uniquely mapped reads number |	12552474
                        Uniquely mapped reads % |	92.75%
                          Average mapped length |	297.22
                       Number of splices: Total |	2253631
            Number of splices: Annotated (sjdb) |	1953317
                       Number of splices: GT/AG |	2226714
                       Number of splices: GC/AG |	8703
                       Number of splices: AT/AC |	187
               Number of splices: Non-canonical |	18027
                      Mismatch rate per base, % |	0.50%
                         Deletion rate per base |	0.02%
                        Deletion average length |	2.69
                        Insertion rate per base |	0.02%
                       Insertion average length |	2.30
                             MULTI-MAPPING READS:
        Number of reads mapped to multiple loci |	664476
             % of reads mapped to multiple loci |	4.91%
        Number of reads mapped to too many loci |	1085
             % of reads mapped to too many loci |	0.01%
                                  UNMAPPED READS:
  Number of reads unmapped: too many mismatches |	0
       % of reads unmapped: too many mismatches |	0.00%
            Number of reads unmapped: too short |	314442
                 % of reads unmapped: too short |	2.32%
                Number of reads unmapped: other |	1581
                     % of reads unmapped: other |	0.01%
                                  CHIMERIC READS:
                       Number of chimeric reads |	0
                            % of chimeric reads |	0.00%
