                                 Started job on |	Apr 23 23:17:03
                             Started mapping on |	Apr 23 23:17:04
                                    Finished on |	Apr 23 23:30:27
       Mapping speed, Million of reads per hour |	123.26

                          Number of input reads |	27494313
                      Average input read length |	299
                                    UNIQUE READS:
                   Uniquely mapped reads number |	25755238
                        Uniquely mapped reads % |	93.67%
                          Average mapped length |	298.02
                       Number of splices: Total |	4710534
            Number of splices: Annotated (sjdb) |	4060207
                       Number of splices: GT/AG |	4658724
                       Number of splices: GC/AG |	19792
                       Number of splices: AT/AC |	291
               Number of splices: Non-canonical |	31727
                      Mismatch rate per base, % |	0.50%
                         Deletion rate per base |	0.02%
                        Deletion average length |	2.72
                        Insertion rate per base |	0.02%
                       Insertion average length |	2.23
                             MULTI-MAPPING READS:
        Number of reads mapped to multiple loci |	1244805
             % of reads mapped to multiple loci |	4.53%
        Number of reads mapped to too many loci |	1582
             % of reads mapped to too many loci |	0.01%
                                  UNMAPPED READS:
  Number of reads unmapped: too many mismatches |	0
       % of reads unmapped: too many mismatches |	0.00%
            Number of reads unmapped: too short |	490809
                 % of reads unmapped: too short |	1.79%
                Number of reads unmapped: other |	1879
                     % of reads unmapped: other |	0.01%
                                  CHIMERIC READS:
                       Number of chimeric reads |	0
                            % of chimeric reads |	0.00%
