                                 Started job on |	Apr 23 23:17:02
                             Started mapping on |	Apr 23 23:17:04
                                    Finished on |	Apr 23 23:28:27
       Mapping speed, Million of reads per hour |	117.05

                          Number of input reads |	22207684
                      Average input read length |	298
                                    UNIQUE READS:
                   Uniquely mapped reads number |	20697134
                        Uniquely mapped reads % |	93.20%
                          Average mapped length |	297.29
                       Number of splices: Total |	3832469
            Number of splices: Annotated (sjdb) |	3276467
                       Number of splices: GT/AG |	3785025
                       Number of splices: GC/AG |	18330
                       Number of splices: AT/AC |	278
               Number of splices: Non-canonical |	28836
                      Mismatch rate per base, % |	0.51%
                         Deletion rate per base |	0.02%
                        Deletion average length |	2.70
                        Insertion rate per base |	0.02%
                       Insertion average length |	2.23
                             MULTI-MAPPING READS:
        Number of reads mapped to multiple loci |	1056229
             % of reads mapped to multiple loci |	4.76%
        Number of reads mapped to too many loci |	2273
             % of reads mapped to too many loci |	0.01%
                                  UNMAPPED READS:
  Number of reads unmapped: too many mismatches |	0
       % of reads unmapped: too many mismatches |	0.00%
            Number of reads unmapped: too short |	447953
                 % of reads unmapped: too short |	2.02%
                Number of reads unmapped: other |	4095
                     % of reads unmapped: other |	0.02%
                                  CHIMERIC READS:
                       Number of chimeric reads |	0
                            % of chimeric reads |	0.00%
