                                 Started job on |	Apr 23 23:17:02
                             Started mapping on |	Apr 23 23:17:04
                                    Finished on |	Apr 23 23:25:30
       Mapping speed, Million of reads per hour |	126.87

                          Number of input reads |	17832699
                      Average input read length |	299
                                    UNIQUE READS:
                   Uniquely mapped reads number |	16708689
                        Uniquely mapped reads % |	93.70%
                          Average mapped length |	297.97
                       Number of splices: Total |	2951248
            Number of splices: Annotated (sjdb) |	2522061
                       Number of splices: GT/AG |	2918238
                       Number of splices: GC/AG |	12256
                       Number of splices: AT/AC |	204
               Number of splices: Non-canonical |	20550
                      Mismatch rate per base, % |	0.49%
                         Deletion rate per base |	0.02%
                        Deletion average length |	2.70
                        Insertion rate per base |	0.02%
                       Insertion average length |	2.22
                             MULTI-MAPPING READS:
        Number of reads mapped to multiple loci |	808163
             % of reads mapped to multiple loci |	4.53%
        Number of reads mapped to too many loci |	1322
             % of reads mapped to too many loci |	0.01%
                                  UNMAPPED READS:
  Number of reads unmapped: too many mismatches |	0
       % of reads unmapped: too many mismatches |	0.00%
            Number of reads unmapped: too short |	312375
                 % of reads unmapped: too short |	1.75%
                Number of reads unmapped: other |	2150
                     % of reads unmapped: other |	0.01%
                                  CHIMERIC READS:
                       Number of chimeric reads |	0
                            % of chimeric reads |	0.00%
