                                 Started job on |	Apr 23 23:17:03
                             Started mapping on |	Apr 23 23:17:04
                                    Finished on |	Apr 23 23:47:58
       Mapping speed, Million of reads per hour |	80.44

                          Number of input reads |	41427674
                      Average input read length |	299
                                    UNIQUE READS:
                   Uniquely mapped reads number |	37996625
                        Uniquely mapped reads % |	91.72%
                          Average mapped length |	297.67
                       Number of splices: Total |	3724357
            Number of splices: Annotated (sjdb) |	3012823
                       Number of splices: GT/AG |	3641430
                       Number of splices: GC/AG |	14245
                       Number of splices: AT/AC |	942
               Number of splices: Non-canonical |	67740
                      Mismatch rate per base, % |	0.54%
                         Deletion rate per base |	0.03%
                        Deletion average length |	2.71
                        Insertion rate per base |	0.02%
                       Insertion average length |	2.26
                             MULTI-MAPPING READS:
        Number of reads mapped to multiple loci |	1640764
             % of reads mapped to multiple loci |	3.96%
        Number of reads mapped to too many loci |	3432
             % of reads mapped to too many loci |	0.01%
                                  UNMAPPED READS:
  Number of reads unmapped: too many mismatches |	0
       % of reads unmapped: too many mismatches |	0.00%
            Number of reads unmapped: too short |	1776726
                 % of reads unmapped: too short |	4.29%
                Number of reads unmapped: other |	10127
                     % of reads unmapped: other |	0.02%
                                  CHIMERIC READS:
                       Number of chimeric reads |	0
                            % of chimeric reads |	0.00%
