                                 Started job on |	Apr 23 23:17:03
                             Started mapping on |	Apr 23 23:17:04
                                    Finished on |	Apr 23 23:28:29
       Mapping speed, Million of reads per hour |	102.50

                          Number of input reads |	19504103
                      Average input read length |	298
                                    UNIQUE READS:
                   Uniquely mapped reads number |	18158098
                        Uniquely mapped reads % |	93.10%
                          Average mapped length |	297.07
                       Number of splices: Total |	2338814
            Number of splices: Annotated (sjdb) |	1940724
                       Number of splices: GT/AG |	2297760
                       Number of splices: GC/AG |	8431
                       Number of splices: AT/AC |	401
               Number of splices: Non-canonical |	32222
                      Mismatch rate per base, % |	0.53%
                         Deletion rate per base |	0.02%
                        Deletion average length |	2.74
                        Insertion rate per base |	0.02%
                       Insertion average length |	2.28
                             MULTI-MAPPING READS:
        Number of reads mapped to multiple loci |	795855
             % of reads mapped to multiple loci |	4.08%
        Number of reads mapped to too many loci |	1733
             % of reads mapped to too many loci |	0.01%
                                  UNMAPPED READS:
  Number of reads unmapped: too many mismatches |	0
       % of reads unmapped: too many mismatches |	0.00%
            Number of reads unmapped: too short |	545803
                 % of reads unmapped: too short |	2.80%
                Number of reads unmapped: other |	2614
                     % of reads unmapped: other |	0.01%
                                  CHIMERIC READS:
                       Number of chimeric reads |	0
                            % of chimeric reads |	0.00%
